<?xml version="1.0" encoding="UTF-8" ?>
<testsuite tests="4" failures="0" name="StepDef.TestRunner" time="208.656" errors="0" skipped="0">
  <properties>
[...]
</properties>
  <testcase classname="To perform API calls" name="To perform the most-viewed products call" time="55.603"/>
  <testcase classname="Login Feature Scenario" name="This scenario is to login as admin and managing product and creating new medicine Category" time="59.203"/>
  <testcase classname="Add Category and Check Database Scenario" name="Add a new category, verify it&apos;s added in the database, remove the new category" time="40.162"/>
  <testcase classname="Login Feature Scenario" name="This scenario is to define the sign up and login and order prodcut and payment." time="53.688"/>
</testsuite>